\BOOKMARK [1][-]{section.1}{Komplexe Zahlen}{}% 1
\BOOKMARK [2][-]{subsection.1.1}{Definition}{section.1}% 2
\BOOKMARK [2][-]{subsection.1.2}{Veranschaulichung}{section.1}% 3
\BOOKMARK [2][-]{subsection.1.3}{Rechenregeln in C}{section.1}% 4
\BOOKMARK [2][-]{subsection.1.4}{Definition Absolutbetrag}{section.1}% 5
\BOOKMARK [2][-]{subsection.1.5}{Rechenreglen f\374r den Absolutbetrag}{section.1}% 6
\BOOKMARK [2][-]{subsection.1.6}{Darstellung durch Polarkoordinaten}{section.1}% 7
\BOOKMARK [2][-]{subsection.1.7}{Additionstheoreme der Trigonometrie}{section.1}% 8
\BOOKMARK [2][-]{subsection.1.8}{geometrische Interpretation der Multiplikation}{section.1}% 9
\BOOKMARK [2][-]{subsection.1.9}{Bemerkung und Definition}{section.1}% 10
\BOOKMARK [2][-]{subsection.1.10}{Satz: Komplexe Wurzeln}{section.1}% 11
\BOOKMARK [2][-]{subsection.1.11}{Beispiel}{section.1}% 12
\BOOKMARK [2][-]{subsection.1.12}{Bemerkung}{section.1}% 13
\BOOKMARK [1][-]{section.2}{Folgen und Reihen}{}% 14
\BOOKMARK [2][-]{subsection.2.1}{Definition}{section.2}% 15
\BOOKMARK [2][-]{subsection.2.2}{Beispiel}{section.2}% 16
\BOOKMARK [2][-]{subsection.2.3}{Definition}{section.2}% 17
\BOOKMARK [2][-]{subsection.2.4}{Definition}{section.2}% 18
\BOOKMARK [2][-]{subsection.2.5}{Beispiele}{section.2}% 19
\BOOKMARK [2][-]{subsection.2.6}{Satz: Beschr\344nktheit und Konvergenz}{section.2}% 20
\BOOKMARK [2][-]{subsection.2.7}{Bemerkung}{section.2}% 21
\BOOKMARK [2][-]{subsection.2.8}{Satz \(Rechenregeln f\374r konvergente Folgen\)}{section.2}% 22
\BOOKMARK [2][-]{subsection.2.9}{Satz: Kriterien f\374r Nullfolgen}{section.2}% 23
\BOOKMARK [2][-]{subsection.2.10}{Bemerkung}{section.2}% 24
\BOOKMARK [2][-]{subsection.2.11}{Definition}{section.2}% 25
\BOOKMARK [2][-]{subsection.2.12}{Satz: Landausymbole bei Polynomen}{section.2}% 26
\BOOKMARK [2][-]{subsection.2.13}{Bemerkung}{section.2}% 27
\BOOKMARK [2][-]{subsection.2.14}{Definition}{section.2}% 28
\BOOKMARK [2][-]{subsection.2.15}{Beispiel}{section.2}% 29
\BOOKMARK [2][-]{subsection.2.16}{Satz: Monotonie und Konvergenz}{section.2}% 30
\BOOKMARK [2][-]{subsection.2.17}{Satz \(Cauchy'sches Konvergenzkriterium\)}{section.2}% 31
\BOOKMARK [2][-]{subsection.2.18}{Definition}{section.2}% 32
\BOOKMARK [2][-]{subsection.2.19}{Satz: Reihenkonvergenz}{section.2}% 33
\BOOKMARK [2][-]{subsection.2.20}{Beispiele}{section.2}% 34
\BOOKMARK [2][-]{subsection.2.21}{Satz \(Leibniz-Kriterium\)}{section.2}% 35
\BOOKMARK [2][-]{subsection.2.22}{Satz \(Majoranten-Kriterium\)}{section.2}% 36
\BOOKMARK [2][-]{subsection.2.23}{Beispiel}{section.2}% 37
\BOOKMARK [2][-]{subsection.2.24}{Definition}{section.2}% 38
\BOOKMARK [2][-]{subsection.2.25}{Korollar}{section.2}% 39
\BOOKMARK [2][-]{subsection.2.26}{Satz: Wurzel- und Quotientenkriterium}{section.2}% 40
\BOOKMARK [2][-]{subsection.2.27}{Bemerkung}{section.2}% 41
\BOOKMARK [2][-]{subsection.2.28}{Beispiel}{section.2}% 42
\BOOKMARK [2][-]{subsection.2.29}{Bemerkung}{section.2}% 43
\BOOKMARK [2][-]{subsection.2.30}{Definition}{section.2}% 44
\BOOKMARK [2][-]{subsection.2.31}{Satz: Konvergenz im Cauchy Produkt}{section.2}% 45
\BOOKMARK [1][-]{section.3}{Potenzreihen}{}% 46
\BOOKMARK [2][-]{subsection.3.1}{Definition}{section.3}% 47
\BOOKMARK [2][-]{subsection.3.2}{Beispiel}{section.3}% 48
\BOOKMARK [2][-]{subsection.3.3}{Satz}{section.3}% 49
\BOOKMARK [2][-]{subsection.3.4}{Bemerkung}{section.3}% 50
\BOOKMARK [2][-]{subsection.3.5}{Die Exponentialreihe}{section.3}% 51
\BOOKMARK [1][-]{section.4}{Funktionen und Grenzwerte}{}% 52
\BOOKMARK [2][-]{subsection.4.1}{Definition}{section.4}% 53
\BOOKMARK [2][-]{subsection.4.2}{Beispiel}{section.4}% 54
\BOOKMARK [2][-]{subsection.4.3}{Definition}{section.4}% 55
\BOOKMARK [2][-]{subsection.4.4}{Beispiel}{section.4}% 56
\BOOKMARK [2][-]{subsection.4.5}{Definition}{section.4}% 57
\BOOKMARK [2][-]{subsection.4.6}{Beispiel}{section.4}% 58
\BOOKMARK [2][-]{subsection.4.7}{Satz \(-\)-Kriterium}{section.4}% 59
\BOOKMARK [2][-]{subsection.4.8}{Satz \(Rechenregeln f\374r Grenzwerte\)}{section.4}% 60
\BOOKMARK [2][-]{subsection.4.9}{Beispiel}{section.4}% 61
\BOOKMARK [2][-]{subsection.4.10}{Bemerkung}{section.4}% 62
\BOOKMARK [2][-]{subsection.4.11}{Beispiel}{section.4}% 63
\BOOKMARK [2][-]{subsection.4.12}{Definition}{section.4}% 64
\BOOKMARK [2][-]{subsection.4.13}{Beispiel}{section.4}% 65
\BOOKMARK [2][-]{subsection.4.14}{Bemerkung}{section.4}% 66
\BOOKMARK [2][-]{subsection.4.15}{Definition}{section.4}% 67
\BOOKMARK [2][-]{subsection.4.16}{Satz: Grenzwerte gegen unendlich}{section.4}% 68
\BOOKMARK [2][-]{subsection.4.17}{Beispiel}{section.4}% 69
\BOOKMARK [1][-]{section.5}{Stetigkeit}{}% 70
\BOOKMARK [2][-]{subsection.5.1}{Definition}{section.5}% 71
\BOOKMARK [2][-]{subsection.5.2}{Satz}{section.5}% 72
\BOOKMARK [2][-]{subsection.5.3}{Beispiel}{section.5}% 73
\BOOKMARK [2][-]{subsection.5.4}{Satz \(Rechenregeln f\374r Stetigkeit\)}{section.5}% 74
\BOOKMARK [2][-]{subsection.5.5}{Satz: Hintereinanderausf\374hrung von stetigen Funktionen}{section.5}% 75
\BOOKMARK [2][-]{subsection.5.6}{Beispiel}{section.5}% 76
\BOOKMARK [2][-]{subsection.5.7}{Satz: Stetigkeit von Potenzreihen}{section.5}% 77
\BOOKMARK [2][-]{subsection.5.8}{Korollar}{section.5}% 78
\BOOKMARK [2][-]{subsection.5.9}{Satz \(Nullstellensatz f\374r stetige Funktionen\)}{section.5}% 79
\BOOKMARK [2][-]{subsection.5.10}{Korollar \(Zwischenwertsatz\)}{section.5}% 80
\BOOKMARK [2][-]{subsection.5.11}{Satz \(Min-Max-Theorem\)}{section.5}% 81
\BOOKMARK [2][-]{subsection.5.12}{Definition}{section.5}% 82
\BOOKMARK [2][-]{subsection.5.13}{Satz: Injektive Funktionen nur bei Monotonie}{section.5}% 83
\BOOKMARK [2][-]{subsection.5.14}{Satz \(Stetigkeit der Umkehrfunktion\)}{section.5}% 84
\BOOKMARK [2][-]{subsection.5.15}{Korollar}{section.5}% 85
\BOOKMARK [2][-]{subsection.5.16}{Satz: Exponentialfunktion und Logarithmus naturalis}{section.5}% 86
\BOOKMARK [2][-]{subsection.5.17}{Satz: Wachstum des nat\374rlichen Logarithmus'}{section.5}% 87
\BOOKMARK [2][-]{subsection.5.18}{Definition}{section.5}% 88
\BOOKMARK [2][-]{subsection.5.19}{Satz:}{section.5}% 89
\BOOKMARK [2][-]{subsection.5.20}{Bemerkung}{section.5}% 90
\BOOKMARK [2][-]{subsection.5.21}{Definition}{section.5}% 91
\BOOKMARK [2][-]{subsection.5.22}{Satz:}{section.5}% 92
\BOOKMARK [1][-]{section.6}{Differenzierbare Funktionen}{}% 93
\BOOKMARK [2][-]{subsection.6.1}{Definition}{section.6}% 94
\BOOKMARK [2][-]{subsection.6.2}{Beispiel}{section.6}% 95
\BOOKMARK [2][-]{subsection.6.3}{Satz:}{section.6}% 96
\BOOKMARK [2][-]{subsection.6.4}{Korollar}{section.6}% 97
\BOOKMARK [2][-]{subsection.6.5}{Satz \(Ableitungsregeln\)}{section.6}% 98
\BOOKMARK [2][-]{subsection.6.6}{Beispiel}{section.6}% 99
\BOOKMARK [2][-]{subsection.6.7}{Satz:}{section.6}% 100
\BOOKMARK [2][-]{subsection.6.8}{Satz: Ableitungsregeln von cosinus und sinus}{section.6}% 101
\BOOKMARK [2][-]{subsection.6.9}{Beispiel}{section.6}% 102
\BOOKMARK [2][-]{subsection.6.10}{Satz: Potenzreihen und diverenzierbarkeit}{section.6}% 103
\BOOKMARK [2][-]{subsection.6.11}{Korollar}{section.6}% 104
